CRITICAL - 2023-01-09 07:48:09 --> Invalid file: index.php
in SYSTEMPATH/Exceptions/FrameworkException.php on line 33.
 1 SYSTEMPATH/View/View.php(201): CodeIgniter\Exceptions\FrameworkException::forInvalidFile('FCPATH/index.php')
 2 SYSTEMPATH/Common.php(1135): CodeIgniter\View\View->render('index', [], true)
 3 APPPATH/Controllers/Home.php(9): view('index')
 4 SYSTEMPATH/CodeIgniter.php(925): App\Controllers\Home->index()
 5 SYSTEMPATH/CodeIgniter.php(480): CodeIgniter\CodeIgniter->runController(Object(App\Controllers\Home))
 6 SYSTEMPATH/CodeIgniter.php(349): CodeIgniter\CodeIgniter->handleRequest(null, Object(Config\Cache), false)
 7 FCPATH/index.php(67): CodeIgniter\CodeIgniter->run()
CRITICAL - 2023-01-09 07:59:57 --> Invalid file: index.php
in SYSTEMPATH/Exceptions/FrameworkException.php on line 33.
 1 SYSTEMPATH/View/View.php(201): CodeIgniter\Exceptions\FrameworkException::forInvalidFile('FCPATH/index.php')
 2 SYSTEMPATH/Common.php(1135): CodeIgniter\View\View->render('index', [], true)
 3 APPPATH/Controllers/Home.php(9): view('index')
 4 SYSTEMPATH/CodeIgniter.php(925): App\Controllers\Home->index()
 5 SYSTEMPATH/CodeIgniter.php(480): CodeIgniter\CodeIgniter->runController(Object(App\Controllers\Home))
 6 SYSTEMPATH/CodeIgniter.php(349): CodeIgniter\CodeIgniter->handleRequest(null, Object(Config\Cache), false)
 7 FCPATH/index.php(67): CodeIgniter\CodeIgniter->run()
CRITICAL - 2023-01-09 08:49:01 --> Invalid file: index.php
in SYSTEMPATH/Exceptions/FrameworkException.php on line 33.
 1 SYSTEMPATH/View/View.php(201): CodeIgniter\Exceptions\FrameworkException::forInvalidFile('FCPATH/index.php')
 2 SYSTEMPATH/Common.php(1135): CodeIgniter\View\View->render('index', [], true)
 3 APPPATH/Controllers/Home.php(9): view('index')
 4 SYSTEMPATH/CodeIgniter.php(925): App\Controllers\Home->index()
 5 SYSTEMPATH/CodeIgniter.php(480): CodeIgniter\CodeIgniter->runController(Object(App\Controllers\Home))
 6 SYSTEMPATH/CodeIgniter.php(349): CodeIgniter\CodeIgniter->handleRequest(null, Object(Config\Cache), false)
 7 FCPATH/index.php(67): CodeIgniter\CodeIgniter->run()
CRITICAL - 2023-01-09 08:49:08 --> Invalid file: index.php
in SYSTEMPATH/Exceptions/FrameworkException.php on line 33.
 1 SYSTEMPATH/View/View.php(201): CodeIgniter\Exceptions\FrameworkException::forInvalidFile('FCPATH/index.php')
 2 SYSTEMPATH/Common.php(1135): CodeIgniter\View\View->render('index', [], true)
 3 APPPATH/Controllers/Home.php(9): view('index')
 4 SYSTEMPATH/CodeIgniter.php(925): App\Controllers\Home->index()
 5 SYSTEMPATH/CodeIgniter.php(480): CodeIgniter\CodeIgniter->runController(Object(App\Controllers\Home))
 6 SYSTEMPATH/CodeIgniter.php(349): CodeIgniter\CodeIgniter->handleRequest(null, Object(Config\Cache), false)
 7 FCPATH/index.php(67): CodeIgniter\CodeIgniter->run()
CRITICAL - 2023-01-09 09:01:09 --> Invalid file: index.php
in SYSTEMPATH/Exceptions/FrameworkException.php on line 33.
 1 SYSTEMPATH/View/View.php(201): CodeIgniter\Exceptions\FrameworkException::forInvalidFile('FCPATH/index.php')
 2 SYSTEMPATH/Common.php(1135): CodeIgniter\View\View->render('index', [], true)
 3 APPPATH/Controllers/Home.php(9): view('index')
 4 SYSTEMPATH/CodeIgniter.php(925): App\Controllers\Home->index()
 5 SYSTEMPATH/CodeIgniter.php(480): CodeIgniter\CodeIgniter->runController(Object(App\Controllers\Home))
 6 SYSTEMPATH/CodeIgniter.php(349): CodeIgniter\CodeIgniter->handleRequest(null, Object(Config\Cache), false)
 7 FCPATH/index.php(67): CodeIgniter\CodeIgniter->run()
CRITICAL - 2023-01-09 09:26:59 --> Invalid file: index.php
in SYSTEMPATH/Exceptions/FrameworkException.php on line 33.
 1 SYSTEMPATH/View/View.php(201): CodeIgniter\Exceptions\FrameworkException::forInvalidFile('FCPATH/index.php')
 2 SYSTEMPATH/Common.php(1135): CodeIgniter\View\View->render('index', [], true)
 3 APPPATH/Controllers/Home.php(9): view('index')
 4 SYSTEMPATH/CodeIgniter.php(925): App\Controllers\Home->index()
 5 SYSTEMPATH/CodeIgniter.php(480): CodeIgniter\CodeIgniter->runController(Object(App\Controllers\Home))
 6 SYSTEMPATH/CodeIgniter.php(349): CodeIgniter\CodeIgniter->handleRequest(null, Object(Config\Cache), false)
 7 FCPATH/index.php(67): CodeIgniter\CodeIgniter->run()
CRITICAL - 2023-01-09 09:28:23 --> Invalid file: index.php
in SYSTEMPATH/Exceptions/FrameworkException.php on line 33.
 1 SYSTEMPATH/View/View.php(201): CodeIgniter\Exceptions\FrameworkException::forInvalidFile('FCPATH/index.php')
 2 SYSTEMPATH/Common.php(1135): CodeIgniter\View\View->render('index', [], true)
 3 APPPATH/Controllers/Home.php(9): view('index')
 4 SYSTEMPATH/CodeIgniter.php(925): App\Controllers\Home->index()
 5 SYSTEMPATH/CodeIgniter.php(480): CodeIgniter\CodeIgniter->runController(Object(App\Controllers\Home))
 6 SYSTEMPATH/CodeIgniter.php(349): CodeIgniter\CodeIgniter->handleRequest(null, Object(Config\Cache), false)
 7 FCPATH/index.php(67): CodeIgniter\CodeIgniter->run()
CRITICAL - 2023-01-09 10:09:14 --> syntax error, unexpected identifier "base_url", expecting "," or ";"
in APPPATH/Views/Home/index.php on line 15.
 1 SYSTEMPATH/View/View.php(216): CodeIgniter\View\View->CodeIgniter\View\{closure}()
 2 SYSTEMPATH/Common.php(1135): CodeIgniter\View\View->render('Home/index', [], true)
 3 APPPATH/Controllers/Home.php(9): view('Home/index')
 4 SYSTEMPATH/CodeIgniter.php(925): App\Controllers\Home->index()
 5 SYSTEMPATH/CodeIgniter.php(480): CodeIgniter\CodeIgniter->runController(Object(App\Controllers\Home))
 6 SYSTEMPATH/CodeIgniter.php(349): CodeIgniter\CodeIgniter->handleRequest(null, Object(Config\Cache), false)
 7 FCPATH/index.php(67): CodeIgniter\CodeIgniter->run()
CRITICAL - 2023-01-09 10:09:17 --> syntax error, unexpected identifier "base_url", expecting "," or ";"
in APPPATH/Views/Home/index.php on line 15.
 1 SYSTEMPATH/View/View.php(216): CodeIgniter\View\View->CodeIgniter\View\{closure}()
 2 SYSTEMPATH/Common.php(1135): CodeIgniter\View\View->render('Home/index', [], true)
 3 APPPATH/Controllers/Home.php(9): view('Home/index')
 4 SYSTEMPATH/CodeIgniter.php(925): App\Controllers\Home->index()
 5 SYSTEMPATH/CodeIgniter.php(480): CodeIgniter\CodeIgniter->runController(Object(App\Controllers\Home))
 6 SYSTEMPATH/CodeIgniter.php(349): CodeIgniter\CodeIgniter->handleRequest(null, Object(Config\Cache), false)
 7 FCPATH/index.php(67): CodeIgniter\CodeIgniter->run()
CRITICAL - 2023-01-09 10:10:13 --> syntax error, unexpected identifier "base_url", expecting "," or ";"
in APPPATH/Views/Home/index.php on line 15.
 1 SYSTEMPATH/View/View.php(216): CodeIgniter\View\View->CodeIgniter\View\{closure}()
 2 SYSTEMPATH/Common.php(1135): CodeIgniter\View\View->render('Home/index', [], true)
 3 APPPATH/Controllers/Home.php(9): view('Home/index')
 4 SYSTEMPATH/CodeIgniter.php(925): App\Controllers\Home->index()
 5 SYSTEMPATH/CodeIgniter.php(480): CodeIgniter\CodeIgniter->runController(Object(App\Controllers\Home))
 6 SYSTEMPATH/CodeIgniter.php(349): CodeIgniter\CodeIgniter->handleRequest(null, Object(Config\Cache), false)
 7 FCPATH/index.php(67): CodeIgniter\CodeIgniter->run()
